# JRE version: OpenJDK Runtime Environment (17.0.11) (build 17.0.11+0--11852314)
# Java VM: OpenJDK 64-Bit Server VM (17.0.11+0--11852314, mixed mode, tiered, compressed oops, compressed class ptrs, g1 gc, windows-amd64)
GC Precious Log:
 CPUs: 8 total, 8 available
 Memory: 16328M
 Large Page Support: Disabled
 NUMA Support: Disabled
 Compressed Oops: Enabled (32-bit)
 Heap Region Size: 1M
 Heap Min Capacity: 8M
 Heap Initial Capacity: 256M
 Heap Max Capacity: 2G
 Pre-touch: Disabled
 Parallel Workers: 8
 Concurrent Workers: 2
 Concurrent Refinement Workers: 8
 Periodic GC: Disabled
Heap:
 garbage-first heap   total 316416K, used 163639K [0x0000000080000000, 0x0000000100000000)
  region size 1024K, 2 young (2048K), 2 survivors (2048K)
 Metaspace       used 149787K, committed 151040K, reserved 1179648K
  class space    used 20418K, committed 21056K, reserved 1048576K
GC Heap History (20 events):
Event: 214.475 GC heap after
{Heap after GC invocations=54 (full 0):
 garbage-first heap   total 270336K, used 156545K [0x0000000080000000, 0x0000000100000000)
  region size 1024K, 6 young (6144K), 6 survivors (6144K)
 Metaspace       used 147623K, committed 148672K, reserved 1179648K
  class space    used 20231K, committed 20736K, reserved 1048576K
}
Event: 215.350 GC heap before
{Heap before GC invocations=54 (full 0):
 garbage-first heap   total 270336K, used 228225K [0x0000000080000000, 0x0000000100000000)
  region size 1024K, 77 young (78848K), 6 survivors (6144K)
 Metaspace       used 148025K, committed 149120K, reserved 1179648K
  class space    used 20245K, committed 20800K, reserved 1048576K
}
Event: 215.362 GC heap after
{Heap after GC invocations=55 (full 0):
 garbage-first heap   total 270336K, used 165151K [0x0000000080000000, 0x0000000100000000)
  region size 1024K, 10 young (10240K), 10 survivors (10240K)
 Metaspace       used 148025K, committed 149120K, reserved 1179648K
  class space    used 20245K, committed 20800K, reserved 1048576K
}
Event: 219.165 GC heap before
{Heap before GC invocations=55 (full 0):
 garbage-first heap   total 270336K, used 225567K [0x0000000080000000, 0x0000000100000000)
  region size 1024K, 70 young (71680K), 10 survivors (10240K)
 Metaspace       used 148234K, committed 149312K, reserved 1179648K
  class space    used 20252K, committed 20800K, reserved 1048576K
}
Event: 219.173 GC heap after
{Heap after GC invocations=56 (full 0):
 garbage-first heap   total 270336K, used 169684K [0x0000000080000000, 0x0000000100000000)
  region size 1024K, 5 young (5120K), 5 survivors (5120K)
 Metaspace       used 148234K, committed 149312K, reserved 1179648K
  class space    used 20252K, committed 20800K, reserved 1048576K
}
Event: 219.473 GC heap before
{Heap before GC invocations=56 (full 0):
 garbage-first heap   total 270336K, used 234196K [0x0000000080000000, 0x0000000100000000)
  region size 1024K, 50 young (51200K), 5 survivors (5120K)
 Metaspace       used 148470K, committed 149568K, reserved 1179648K
  class space    used 20259K, committed 20800K, reserved 1048576K
}
Event: 219.475 GC heap after
{Heap after GC invocations=57 (full 0):
 garbage-first heap   total 270336K, used 178339K [0x0000000080000000, 0x0000000100000000)
  region size 1024K, 3 young (3072K), 3 survivors (3072K)
 Metaspace       used 148470K, committed 149568K, reserved 1179648K
  class space    used 20259K, committed 20800K, reserved 1048576K
}
Event: 219.476 GC heap before
{Heap before GC invocations=57 (full 0):
 garbage-first heap   total 270336K, used 180387K [0x0000000080000000, 0x0000000100000000)
  region size 1024K, 3 young (3072K), 3 survivors (3072K)
 Metaspace       used 148470K, committed 149568K, reserved 1179648K
  class space    used 20259K, committed 20800K, reserved 1048576K
}
Event: 219.478 GC heap after
{Heap after GC invocations=58 (full 0):
 garbage-first heap   total 270336K, used 175950K [0x0000000080000000, 0x0000000100000000)
  region size 1024K, 3 young (3072K), 3 survivors (3072K)
 Metaspace       used 148470K, committed 149568K, reserved 1179648K
  class space    used 20259K, committed 20800K, reserved 1048576K
}
Event: 219.478 GC heap before
{Heap before GC invocations=58 (full 0):
 garbage-first heap   total 270336K, used 177998K [0x0000000080000000, 0x0000000100000000)
  region size 1024K, 4 young (4096K), 3 survivors (3072K)
 Metaspace       used 148470K, committed 149568K, reserved 1179648K
  class space    used 20259K, committed 20800K, reserved 1048576K
}
Event: 219.480 GC heap after
{Heap after GC invocations=59 (full 0):
 garbage-first heap   total 270336K, used 177880K [0x0000000080000000, 0x0000000100000000)
  region size 1024K, 3 young (3072K), 3 survivors (3072K)
 Metaspace       used 148470K, committed 149568K, reserved 1179648K
  class space    used 20259K, committed 20800K, reserved 1048576K
}
Event: 302.758 GC heap before
{Heap before GC invocations=59 (full 0):
 garbage-first heap   total 270336K, used 235224K [0x0000000080000000, 0x0000000100000000)
  region size 1024K, 57 young (58368K), 3 survivors (3072K)
 Metaspace       used 148754K, committed 149888K, reserved 1179648K
  class space    used 20284K, committed 20864K, reserved 1048576K
}
Event: 302.763 GC heap after
{Heap after GC invocations=60 (full 0):
 garbage-first heap   total 270336K, used 171665K [0x0000000080000000, 0x0000000100000000)
  region size 1024K, 7 young (7168K), 7 survivors (7168K)
 Metaspace       used 148754K, committed 149888K, reserved 1179648K
  class space    used 20284K, committed 20864K, reserved 1048576K
}
Event: 312.705 GC heap before
{Heap before GC invocations=60 (full 0):
 garbage-first heap   total 270336K, used 230033K [0x0000000080000000, 0x0000000100000000)
  region size 1024K, 64 young (65536K), 7 survivors (7168K)
 Metaspace       used 148952K, committed 150080K, reserved 1179648K
  class space    used 20290K, committed 20864K, reserved 1048576K
}
Event: 312.714 GC heap after
{Heap after GC invocations=61 (full 0):
 garbage-first heap   total 270336K, used 176643K [0x0000000080000000, 0x0000000100000000)
  region size 1024K, 6 young (6144K), 6 survivors (6144K)
 Metaspace       used 148952K, committed 150080K, reserved 1179648K
  class space    used 20290K, committed 20864K, reserved 1048576K
}
Event: 313.245 GC heap before
{Heap before GC invocations=62 (full 0):
 garbage-first heap   total 316416K, used 226819K [0x0000000080000000, 0x0000000100000000)
  region size 1024K, 57 young (58368K), 6 survivors (6144K)
 Metaspace       used 149486K, committed 150592K, reserved 1179648K
  class space    used 20370K, committed 20928K, reserved 1048576K
}
Event: 313.256 GC heap after
{Heap after GC invocations=63 (full 0):
 garbage-first heap   total 316416K, used 182430K [0x0000000080000000, 0x0000000100000000)
  region size 1024K, 8 young (8192K), 8 survivors (8192K)
 Metaspace       used 149486K, committed 150592K, reserved 1179648K
  class space    used 20370K, committed 20928K, reserved 1048576K
}
Event: 313.315 GC heap before
{Heap before GC invocations=63 (full 0):
 garbage-first heap   total 316416K, used 189598K [0x0000000080000000, 0x0000000100000000)
  region size 1024K, 15 young (15360K), 8 survivors (8192K)
 Metaspace       used 149487K, committed 150592K, reserved 1179648K
  class space    used 20370K, committed 20928K, reserved 1048576K
}
Event: 313.334 GC heap after
{Heap after GC invocations=64 (full 0):
 garbage-first heap   total 316416K, used 164563K [0x0000000080000000, 0x0000000100000000)
  region size 1024K, 2 young (2048K), 2 survivors (2048K)
 Metaspace       used 149487K, committed 150592K, reserved 1179648K
  class space    used 20370K, committed 20928K, reserved 1048576K
}
Event: 313.444 GC heap before
{Heap before GC invocations=64 (full 0):
 garbage-first heap   total 316416K, used 176851K [0x0000000080000000, 0x0000000100000000)
  region size 1024K, 15 young (15360K), 2 survivors (2048K)
 Metaspace       used 149787K, committed 151040K, reserved 1179648K
  class space    used 20418K, committed 21056K, reserved 1048576K
}

