# JRE version: OpenJDK Runtime Environment (17.0.11) (build 17.0.11+0--11852314)
# Java VM: OpenJDK 64-Bit Server VM (17.0.11+0--11852314, mixed mode, tiered, compressed oops, compressed class ptrs, g1 gc, windows-amd64)
GC Precious Log:
 CPUs: 8 total, 8 available
 Memory: 16328M
 Large Page Support: Disabled
 NUMA Support: Disabled
 Compressed Oops: Enabled (32-bit)
 Heap Region Size: 1M
 Heap Min Capacity: 8M
 Heap Initial Capacity: 256M
 Heap Max Capacity: 2G
 Pre-touch: Disabled
 Parallel Workers: 8
 Concurrent Workers: 2
 Concurrent Refinement Workers: 8
 Periodic GC: Disabled
Heap:
 garbage-first heap   total 396288K, used 279552K [0x0000000080000000, 0x0000000100000000)
  region size 1024K, 9 young (9216K), 9 survivors (9216K)
 Metaspace       used 125711K, committed 126592K, reserved 1179648K
  class space    used 17295K, committed 17728K, reserved 1048576K
GC Heap History (20 events):
Event: 10.881 GC heap after
{Heap after GC invocations=34 (full 0):
 garbage-first heap   total 242688K, used 109492K [0x0000000080000000, 0x0000000100000000)
  region size 1024K, 13 young (13312K), 13 survivors (13312K)
 Metaspace       used 102049K, committed 102848K, reserved 1179648K
  class space    used 14264K, committed 14656K, reserved 1048576K
}
Event: 12.064 GC heap before
{Heap before GC invocations=34 (full 0):
 garbage-first heap   total 242688K, used 200628K [0x0000000080000000, 0x0000000100000000)
  region size 1024K, 98 young (100352K), 13 survivors (13312K)
 Metaspace       used 105758K, committed 106560K, reserved 1179648K
  class space    used 14581K, committed 14976K, reserved 1048576K
}
Event: 12.082 GC heap after
{Heap after GC invocations=35 (full 0):
 garbage-first heap   total 242688K, used 122539K [0x0000000080000000, 0x0000000100000000)
  region size 1024K, 13 young (13312K), 13 survivors (13312K)
 Metaspace       used 105758K, committed 106560K, reserved 1179648K
  class space    used 14581K, committed 14976K, reserved 1048576K
}
Event: 12.335 GC heap before
{Heap before GC invocations=35 (full 0):
 garbage-first heap   total 242688K, used 153259K [0x0000000080000000, 0x0000000100000000)
  region size 1024K, 36 young (36864K), 13 survivors (13312K)
 Metaspace       used 106091K, committed 106816K, reserved 1179648K
  class space    used 14608K, committed 14976K, reserved 1048576K
}
Event: 12.344 GC heap after
{Heap after GC invocations=36 (full 0):
 garbage-first heap   total 242688K, used 126435K [0x0000000080000000, 0x0000000100000000)
  region size 1024K, 3 young (3072K), 3 survivors (3072K)
 Metaspace       used 106091K, committed 106816K, reserved 1179648K
  class space    used 14608K, committed 14976K, reserved 1048576K
}
Event: 12.824 GC heap before
{Heap before GC invocations=37 (full 0):
 garbage-first heap   total 244736K, used 192995K [0x0000000080000000, 0x0000000100000000)
  region size 1024K, 69 young (70656K), 3 survivors (3072K)
 Metaspace       used 109871K, committed 110592K, reserved 1179648K
  class space    used 15017K, committed 15360K, reserved 1048576K
}
Event: 12.832 GC heap after
{Heap after GC invocations=38 (full 0):
 garbage-first heap   total 244736K, used 134144K [0x0000000080000000, 0x0000000100000000)
  region size 1024K, 9 young (9216K), 9 survivors (9216K)
 Metaspace       used 109871K, committed 110592K, reserved 1179648K
  class space    used 15017K, committed 15360K, reserved 1048576K
}
Event: 12.841 GC heap before
{Heap before GC invocations=38 (full 0):
 garbage-first heap   total 244736K, used 136192K [0x0000000080000000, 0x0000000100000000)
  region size 1024K, 11 young (11264K), 9 survivors (9216K)
 Metaspace       used 109898K, committed 110656K, reserved 1179648K
  class space    used 15017K, committed 15360K, reserved 1048576K
}
Event: 12.850 GC heap after
{Heap after GC invocations=39 (full 0):
 garbage-first heap   total 391168K, used 132718K [0x0000000080000000, 0x0000000100000000)
  region size 1024K, 1 young (1024K), 1 survivors (1024K)
 Metaspace       used 109898K, committed 110656K, reserved 1179648K
  class space    used 15017K, committed 15360K, reserved 1048576K
}
Event: 13.669 GC heap before
{Heap before GC invocations=39 (full 0):
 garbage-first heap   total 391168K, used 303726K [0x0000000080000000, 0x0000000100000000)
  region size 1024K, 165 young (168960K), 1 survivors (1024K)
 Metaspace       used 113059K, committed 113920K, reserved 1179648K
  class space    used 15367K, committed 15808K, reserved 1048576K
}
Event: 13.675 GC heap after
{Heap after GC invocations=40 (full 0):
 garbage-first heap   total 391168K, used 139331K [0x0000000080000000, 0x0000000100000000)
  region size 1024K, 8 young (8192K), 8 survivors (8192K)
 Metaspace       used 113059K, committed 113920K, reserved 1179648K
  class space    used 15367K, committed 15808K, reserved 1048576K
}
Event: 14.697 GC heap before
{Heap before GC invocations=41 (full 0):
 garbage-first heap   total 391168K, used 337987K [0x0000000080000000, 0x0000000100000000)
  region size 1024K, 178 young (182272K), 8 survivors (8192K)
 Metaspace       used 118567K, committed 119424K, reserved 1179648K
  class space    used 16122K, committed 16512K, reserved 1048576K
}
Event: 14.705 GC heap after
{Heap after GC invocations=42 (full 0):
 garbage-first heap   total 391168K, used 178531K [0x0000000080000000, 0x0000000100000000)
  region size 1024K, 21 young (21504K), 21 survivors (21504K)
 Metaspace       used 118567K, committed 119424K, reserved 1179648K
  class space    used 16122K, committed 16512K, reserved 1048576K
}
Event: 14.708 GC heap before
{Heap before GC invocations=42 (full 0):
 garbage-first heap   total 391168K, used 178531K [0x0000000080000000, 0x0000000100000000)
  region size 1024K, 22 young (22528K), 21 survivors (21504K)
 Metaspace       used 118600K, committed 119424K, reserved 1179648K
  class space    used 16129K, committed 16512K, reserved 1048576K
}
Event: 14.714 GC heap after
{Heap after GC invocations=43 (full 0):
 garbage-first heap   total 391168K, used 172359K [0x0000000080000000, 0x0000000100000000)
  region size 1024K, 2 young (2048K), 2 survivors (2048K)
 Metaspace       used 118600K, committed 119424K, reserved 1179648K
  class space    used 16129K, committed 16512K, reserved 1048576K
}
Event: 15.014 GC heap before
{Heap before GC invocations=43 (full 0):
 garbage-first heap   total 391168K, used 367943K [0x0000000080000000, 0x0000000100000000)
  region size 1024K, 118 young (120832K), 2 survivors (2048K)
 Metaspace       used 119690K, committed 120576K, reserved 1179648K
  class space    used 16278K, committed 16704K, reserved 1048576K
}
Event: 15.029 GC heap after
{Heap after GC invocations=44 (full 0):
 garbage-first heap   total 396288K, used 228187K [0x0000000080000000, 0x0000000100000000)
  region size 1024K, 18 young (18432K), 18 survivors (18432K)
 Metaspace       used 119690K, committed 120576K, reserved 1179648K
  class space    used 16278K, committed 16704K, reserved 1048576K
}
Event: 15.338 GC heap before
{Heap before GC invocations=44 (full 0):
 garbage-first heap   total 396288K, used 320347K [0x0000000080000000, 0x0000000100000000)
  region size 1024K, 105 young (107520K), 18 survivors (18432K)
 Metaspace       used 121770K, committed 122688K, reserved 1179648K
  class space    used 16531K, committed 16960K, reserved 1048576K
}
Event: 15.362 GC heap after
{Heap after GC invocations=45 (full 0):
 garbage-first heap   total 396288K, used 259664K [0x0000000080000000, 0x0000000100000000)
  region size 1024K, 14 young (14336K), 14 survivors (14336K)
 Metaspace       used 121770K, committed 122688K, reserved 1179648K
  class space    used 16531K, committed 16960K, reserved 1048576K
}
Event: 15.643 GC heap before
{Heap before GC invocations=45 (full 0):
 garbage-first heap   total 396288K, used 320080K [0x0000000080000000, 0x0000000100000000)
  region size 1024K, 72 young (73728K), 14 survivors (14336K)
 Metaspace       used 125711K, committed 126592K, reserved 1179648K
  class space    used 17295K, committed 17728K, reserved 1048576K
}

